<?xml version="1.0" encoding="UTF-8"?>
<!-- Generated by org.testng.reporters.JUnitReportReporter -->
<testsuite skipped="0" hostname="Kash" name="com.calculator.CalculatorTest" tests="1" failures="0" timestamp="2020-07-01T23:22:17 GMT+03:00" time="0.015" errors="0">
  <testcase name="testRealdivide" time="0.015" classname="com.calculator.CalculatorTest"/>
  <system-out>
TestNG Assignment -> testRealdivide assertion passed for inputs 2, 4  </system-out>
</testsuite> <!-- com.calculator.CalculatorTest -->
